
♢ pkgcloud/common/compute/server [rackspace]


<<<<<<-- cut here -->>>>>>

nock('https://auth.api.rackspacecloud.com')
  .get('/v1.0')
  .reply(204, "", { server: 'Apache/2.2.3 (Red Hat)',
  vary: 'X-Auth-Token,X-Auth-Key,X-Storage-User,X-Storage-Pass',
  'x-storage-url': 'https://storage101.ord1.clouddrive.com/v1/MossoCloudFS_9198ca47-40e2-43e4-838b-8abea03a9b41',
  'cache-control': 's-maxage=10931',
  'content-type': 'text/xml',
  date: 'Wed, 15 Feb 2012 14:47:45 GMT',
  'x-auth-token': 'fcd4bb59-3e8e-45b9-8a69-9614311b9b53',
  'x-server-management-url': 'https://servers.api.rackspacecloud.com/v1.0/537645',
  'x-storage-token': 'fcd4bb59-3e8e-45b9-8a69-9614311b9b53',
  connection: 'Keep-Alive',
  'x-cdn-management-url': 'https://cdn2.clouddrive.com/v1/MossoCloudFS_9198ca47-40e2-43e4-838b-8abea03a9b41',
  'content-length': '0' });

<<<<<<-- cut here -->>>>>>


<<<<<<-- cut here -->>>>>>

nock('https://servers.api.rackspacecloud.com')
  .post('/v1.0/537645/servers', "{\"server\":{\"name\":\"test-reboot\",\"image\":112,\"flavor\":1,\"flavorId\":1,\"imageId\":112,\"personality\":[]}}")
  .reply(202, "{\"server\":{\"progress\":0,\"id\":20596929,\"imageId\":112,\"flavorId\":1,\"status\":\"BUILD\",\"adminPass\":\"test-rebootEl62dFjA7\",\"name\":\"test-reboot\",\"hostId\":\"aa4125344a33adf711a60dce0c07ce9e\",\"addresses\":{\"public\":[\"50.57.131.47\"],\"private\":[\"10.183.68.180\"]},\"metadata\":{}}}", {});

<<<<<<-- cut here -->>>>>>

1 'BUILD'

<<<<<<-- cut here -->>>>>>

nock('https://servers.api.rackspacecloud.com')
  .get('/v1.0/537645/servers/20596929')
  .reply(200, "{\"server\":{\"progress\":100,\"id\":20596929,\"imageId\":112,\"flavorId\":1,\"status\":\"ACTIVE\",\"name\":\"test-reboot\",\"hostId\":\"aa4125344a33adf711a60dce0c07ce9e\",\"addresses\":{\"public\":[\"50.57.131.47\"],\"private\":[\"10.183.68.180\"]},\"metadata\":{}}}", {});

<<<<<<-- cut here -->>>>>>

